<?xml version="1.0" encoding="UTF-8"?>
<!-- Generated by org.testng.reporters.JUnitReportReporter -->
<testsuite hostname="OZM-TECH-L48" failures="0" tests="3" name="Appointment" time="24.918" errors="0" timestamp="2024-01-23T07:09:13 WAT" skipped="0">
  <testcase classname="Appointment" name="AppointmentCase3" time="8.095"/>
  <system-out/>
  <testcase classname="Appointment" name="AppointmentCase2" time="9.211"/>
  <system-out/>
  <testcase classname="Appointment" name="AppointmentCase1" time="7.612"/>
  <system-out/>
</testsuite> <!-- Appointment -->
