<?xml version="1.0" encoding="UTF-8"?>
<!-- Generated by org.testng.reporters.JUnitReportReporter -->
<testsuite hostname="OZM-TECH-L48" failures="0" tests="4" name="Login" time="34.886" errors="0" timestamp="2024-01-23T07:09:13 WAT" skipped="0">
  <testcase classname="Login" name="CheckUrl" time="14.950"/>
  <system-out/>
  <testcase classname="Login" name="LoginCase1" time="7.315"/>
  <system-out/>
  <testcase classname="Login" name="LoginCase3" time="6.383"/>
  <system-out/>
  <testcase classname="Login" name="LoginCase2" time="6.238"/>
  <system-out/>
</testsuite> <!-- Login -->
